
> my-v0-project@0.1.0 dev
> next dev

   ▲ Next.js 15.2.4
   - Local:        http://localhost:3000
   - Network:      http://192.168.1.158:3000
   - Environments: .env.local

 ✓ Starting...
 ✓ Ready in 1241ms
 ○ Compiling /api-status ...
 ✓ Compiled /api-status in 1043ms (756 modules)
 GET /api-status 200 in 1220ms
 ✓ Compiled in 236ms (360 modules)
 ✓ Compiled /projects in 364ms (842 modules)
🔧 API Configuration: {
  API_BASE_URL: 'http://localhost:8000',
  API_VERSION: 'v1',
  env_var: 'http://localhost:8000'
}
 GET /projects 200 in 474ms
 ✓ Compiled /projects/[id]/questions in 181ms (885 modules)
🔧 API Configuration: {
  API_BASE_URL: 'http://localhost:8000',
  API_VERSION: 'v1',
  env_var: 'http://localhost:8000'
}
 GET /projects/e756f8d5-a952-43fa-9828-591d92a78644/questions 200 in 590ms
 ✓ Compiled in 188ms (404 modules)
 ✓ Compiled in 191ms (404 modules)
 ✓ Compiled in 137ms (404 modules)
 ✓ Compiled in 94ms (404 modules)
 ✓ Compiled in 99ms (404 modules)
 ✓ Compiled in 130ms (404 modules)
 ✓ Compiled /projects/[id]/questions in 125ms (473 modules)
 ⨯ TypeError: __webpack_modules__[moduleId] is not a function
    at Object.__webpack_require__ [as require] (.next/server/webpack-runtime.js:33:42)
    at JSON.parse (<anonymous>)
    at JSON.parse (<anonymous>) {
  digest: '1476673021'
}
TypeError: __webpack_modules__[moduleId] is not a function
    at Object.__webpack_require__ [as require] (.next/server/webpack-runtime.js:33:42)
    at JSON.parse (<anonymous>)
    at JSON.parse (<anonymous>)
 ⨯ TypeError: __webpack_modules__[moduleId] is not a function
    at Object.__webpack_require__ [as require] (.next/server/webpack-runtime.js:33:42)
    at JSON.parse (<anonymous>)
    at JSON.parse (<anonymous>) {
  page: '/projects/e756f8d5-a952-43fa-9828-591d92a78644/questions'
}
 ✓ Compiled /_error in 253ms (1203 modules)
Warning: useLayoutEffect does nothing on the server, because its effect cannot be encoded into the server renderer's output format. This will lead to a mismatch between the initial, non-hydrated UI and the intended UI. To avoid this, useLayoutEffect should only be used in components that render exclusively on the client. See https://reactjs.org/link/uselayouteffect-ssr for common fixes.
    at ShadowPortal (/Users/admin/Desktop/V2.0 backend/SF_V2.0_Modular/SF_Frontend/node_modules/next/src/client/components/react-dev-overlay/ui/components/shadow-portal.tsx:5:32)
    at DevOverlay (/Users/admin/Desktop/V2.0 backend/SF_V2.0_Modular/SF_Frontend/node_modules/next/src/client/components/react-dev-overlay/ui/dev-overlay.tsx:14:3)
    at ReactDevOverlay (/Users/admin/Desktop/V2.0 backend/SF_V2.0_Modular/SF_Frontend/node_modules/next/src/server/dev/next-dev-server.ts:82:10)
    at div
    at Body (webpack://next/dist/src/server/render.tsx:1263:19)
Warning: useLayoutEffect does nothing on the server, because its effect cannot be encoded into the server renderer's output format. This will lead to a mismatch between the initial, non-hydrated UI and the intended UI. To avoid this, useLayoutEffect should only be used in components that render exclusively on the client. See https://reactjs.org/link/uselayouteffect-ssr for common fixes.
    at ShadowPortal (/Users/admin/Desktop/V2.0 backend/SF_V2.0_Modular/SF_Frontend/node_modules/next/src/client/components/react-dev-overlay/ui/components/shadow-portal.tsx:5:32)
    at DevOverlay (/Users/admin/Desktop/V2.0 backend/SF_V2.0_Modular/SF_Frontend/node_modules/next/src/client/components/react-dev-overlay/ui/dev-overlay.tsx:14:3)
    at ReactDevOverlay (/Users/admin/Desktop/V2.0 backend/SF_V2.0_Modular/SF_Frontend/node_modules/next/src/server/dev/next-dev-server.ts:82:10)
    at div
    at Body (webpack://next/dist/src/server/render.tsx:1263:19)
 GET /projects/e756f8d5-a952-43fa-9828-591d92a78644/questions 500 in 1104ms
 ✓ Compiled in 234ms (642 modules)
 ✓ Compiled /api-status in 51ms (441 modules)
 ⨯ [Error: Invariant: missing bootstrap script. This is a bug in Next.js] {
  page: '/api-status'
}
 ✓ Compiled /_error in 93ms (1112 modules)
 ⨯ [Error: ENOENT: no such file or directory, open '/Users/admin/Desktop/V2.0 backend/SF_V2.0_Modular/SF_Frontend/.next/server/pages/_document.js'] {
  errno: -2,
  code: 'ENOENT',
  syscall: 'open',
  path: '/Users/admin/Desktop/V2.0 backend/SF_V2.0_Modular/SF_Frontend/.next/server/pages/_document.js'
}
Warning: useLayoutEffect does nothing on the server, because its effect cannot be encoded into the server renderer's output format. This will lead to a mismatch between the initial, non-hydrated UI and the intended UI. To avoid this, useLayoutEffect should only be used in components that render exclusively on the client. See https://reactjs.org/link/uselayouteffect-ssr for common fixes.
    at ShadowPortal (/Users/admin/Desktop/V2.0 backend/SF_V2.0_Modular/SF_Frontend/node_modules/next/src/client/components/react-dev-overlay/ui/components/shadow-portal.tsx:5:32)
    at DevOverlay (/Users/admin/Desktop/V2.0 backend/SF_V2.0_Modular/SF_Frontend/node_modules/next/src/client/components/react-dev-overlay/ui/dev-overlay.tsx:14:3)
    at ReactDevOverlay (/Users/admin/Desktop/V2.0 backend/SF_V2.0_Modular/SF_Frontend/node_modules/next/src/server/dev/next-dev-server.ts:82:10)
    at div
    at Body (/Users/admin/Desktop/V2.0 backend/SF_V2.0_Modular/SF_Frontend/node_modules/next/src/server/render.tsx:1263:19)
Warning: useLayoutEffect does nothing on the server, because its effect cannot be encoded into the server renderer's output format. This will lead to a mismatch between the initial, non-hydrated UI and the intended UI. To avoid this, useLayoutEffect should only be used in components that render exclusively on the client. See https://reactjs.org/link/uselayouteffect-ssr for common fixes.
    at ShadowPortal (/Users/admin/Desktop/V2.0 backend/SF_V2.0_Modular/SF_Frontend/node_modules/next/src/client/components/react-dev-overlay/ui/components/shadow-portal.tsx:5:32)
    at DevOverlay (/Users/admin/Desktop/V2.0 backend/SF_V2.0_Modular/SF_Frontend/node_modules/next/src/client/components/react-dev-overlay/ui/dev-overlay.tsx:14:3)
    at ReactDevOverlay (/Users/admin/Desktop/V2.0 backend/SF_V2.0_Modular/SF_Frontend/node_modules/next/src/server/dev/next-dev-server.ts:82:10)
    at div
    at Body (/Users/admin/Desktop/V2.0 backend/SF_V2.0_Modular/SF_Frontend/node_modules/next/src/server/render.tsx:1263:19)
 GET /api-status 500 in 1364ms
 ✓ Compiled in 386ms (642 modules)
[?25h
